0 info it worked if it ends with ok
1 verbose cli [ '/Users/dikunin/.nvm/versions/node/v6.2.1/bin/node',
1 verbose cli   '/Users/dikunin/.nvm/versions/node/v6.2.1/bin/npm',
1 verbose cli   'run',
1 verbose cli   'release' ]
2 info using npm@3.9.3
3 info using node@v6.2.1
4 verbose run-script [ 'prerelease', 'release', 'postrelease' ]
5 info lifecycle mtg-collector@0.4.5~prerelease: mtg-collector@0.4.5
6 silly lifecycle mtg-collector@0.4.5~prerelease: no script for prerelease, continuing
7 info lifecycle mtg-collector@0.4.5~release: mtg-collector@0.4.5
8 verbose lifecycle mtg-collector@0.4.5~release: unsafe-perm in lifecycle true
9 verbose lifecycle mtg-collector@0.4.5~release: PATH: /Users/dikunin/.nvm/versions/node/v6.2.1/lib/node_modules/npm/bin/node-gyp-bin:/Users/dikunin/SubProject/mtg-collector/node_modules/.bin:/Users/dikunin/.nvm/versions/node/v6.2.1/bin:/Users/dikunin/.nvm/versions/node/v6.2.1/bin:/usr/local/bin:/usr/bin:/bin:/usr/sbin:/sbin:/Users/dikunin/bin:/opt/local/bin
10 verbose lifecycle mtg-collector@0.4.5~release: CWD: /Users/dikunin/SubProject/mtg-collector
11 silly lifecycle mtg-collector@0.4.5~release: Args: [ '-c',
11 silly lifecycle   'rm -rf build && electron-packager . mtg-collector --out=build --platform=darwin --arch=x64 --version=$npm_package_electronVersion' ]
12 silly lifecycle mtg-collector@0.4.5~release: Returned: code: 1  signal: null
13 info lifecycle mtg-collector@0.4.5~release: Failed to exec release script
14 verbose stack Error: mtg-collector@0.4.5 release: `rm -rf build && electron-packager . mtg-collector --out=build --platform=darwin --arch=x64 --version=$npm_package_electronVersion`
14 verbose stack Exit status 1
14 verbose stack     at EventEmitter.<anonymous> (/Users/dikunin/.nvm/versions/node/v6.2.1/lib/node_modules/npm/lib/utils/lifecycle.js:245:16)
14 verbose stack     at emitTwo (events.js:106:13)
14 verbose stack     at EventEmitter.emit (events.js:191:7)
14 verbose stack     at ChildProcess.<anonymous> (/Users/dikunin/.nvm/versions/node/v6.2.1/lib/node_modules/npm/lib/utils/spawn.js:24:14)
14 verbose stack     at emitTwo (events.js:106:13)
14 verbose stack     at ChildProcess.emit (events.js:191:7)
14 verbose stack     at maybeClose (internal/child_process.js:852:16)
14 verbose stack     at Process.ChildProcess._handle.onexit (internal/child_process.js:215:5)
15 verbose pkgid mtg-collector@0.4.5
16 verbose cwd /Users/dikunin/SubProject/mtg-collector
17 error Darwin 14.5.0
18 error argv "/Users/dikunin/.nvm/versions/node/v6.2.1/bin/node" "/Users/dikunin/.nvm/versions/node/v6.2.1/bin/npm" "run" "release"
19 error node v6.2.1
20 error npm  v3.9.3
21 error code ELIFECYCLE
22 error mtg-collector@0.4.5 release: `rm -rf build && electron-packager . mtg-collector --out=build --platform=darwin --arch=x64 --version=$npm_package_electronVersion`
22 error Exit status 1
23 error Failed at the mtg-collector@0.4.5 release script 'rm -rf build && electron-packager . mtg-collector --out=build --platform=darwin --arch=x64 --version=$npm_package_electronVersion'.
23 error Make sure you have the latest version of node.js and npm installed.
23 error If you do, this is most likely a problem with the mtg-collector package,
23 error not with npm itself.
23 error Tell the author that this fails on your system:
23 error     rm -rf build && electron-packager . mtg-collector --out=build --platform=darwin --arch=x64 --version=$npm_package_electronVersion
23 error You can get information on how to open an issue for this project with:
23 error     npm bugs mtg-collector
23 error Or if that isn't available, you can get their info via:
23 error     npm owner ls mtg-collector
23 error There is likely additional logging output above.
24 verbose exit [ 1, true ]
